 COORDINATES OF NACA AIRFOILS
 Created by naca456, version 1.1 (7 November 2010) on 11:51 19Sep2025
 Ralph L. Carmichael, Public Domain Aeronautical Software
  
 NACA 63-206                                                                     
Six-series profile, family= 63    t/c= 0.0600
Six-series mean line, a= 0.8000   cl= 0.2000
  
                       THICKNESS          MEAN LINE
            x         y      dy/dx         y      dy/dx
     1  0.000000  0.000000  0.000000  0.000000  0.000000
     2  0.000200  0.001040  2.594631  0.000034  0.154088
     3  0.000500  0.001641  1.628915  0.000078  0.137878
     4  0.001000  0.002312  1.139067  0.000143  0.125611
     5  0.001500  0.002821  0.920410  0.000204  0.118431
     6  0.002000  0.003247  0.788998  0.000262  0.113334
     7  0.005000  0.005039  0.476216  0.000574  0.097071
     8  0.010000  0.006961  0.320162  0.001025  0.084714
     9  0.015000  0.008376  0.253642  0.001429  0.077443
    10  0.020000  0.009544  0.217042  0.001803  0.072255
    11  0.030000  0.011498  0.178352  0.002486  0.064882
    12  0.040000  0.013161  0.155713  0.003107  0.059589
    13  0.050000  0.014626  0.138261  0.003682  0.055436
    14  0.060000  0.015935  0.123944  0.004218  0.052001
    15  0.080000  0.018193  0.103172  0.005201  0.046486
    16  0.100000  0.020107  0.089046  0.006085  0.042101
    17  0.120000  0.021765  0.077185  0.006889  0.038426
    18  0.140000  0.023214  0.067983  0.007625  0.035238
    19  0.160000  0.024486  0.059462  0.008301  0.032403
    20  0.180000  0.025603  0.052035  0.008923  0.029832
    21  0.200000  0.026572  0.045081  0.009496  0.027468
    22  0.220000  0.027407  0.038544  0.010023  0.025266
    23  0.240000  0.028116  0.032505  0.010508  0.023195
    24  0.260000  0.028706  0.026916  0.010952  0.021231
    25  0.280000  0.029188  0.021362  0.011357  0.019355
    26  0.300000  0.029558  0.015435  0.011726  0.017549
    27  0.320000  0.029815  0.010090  0.012060  0.015803
    28  0.340000  0.029960  0.004331  0.012359  0.014104
    29  0.360000  0.029990 -0.001210  0.012624  0.012442
    30  0.380000  0.029907 -0.007254  0.012857  0.010811
    31  0.400000  0.029712 -0.012393  0.013057  0.009201
    32  0.420000  0.029410 -0.018035  0.013225  0.007606
    33  0.440000  0.029005 -0.022794  0.013361  0.006019
    34  0.460000  0.028499 -0.027664  0.013466  0.004434
    35  0.480000  0.027902 -0.031937  0.013538  0.002843
    36  0.500000  0.027218 -0.036367  0.013579  0.001241
    37  0.520000  0.026451 -0.040217  0.013588 -0.000381
    38  0.540000  0.025607 -0.043859  0.013564 -0.002029
    39  0.560000  0.024696 -0.047304  0.013506 -0.003712
    40  0.580000  0.023717 -0.050317  0.013415 -0.005439
    41  0.600000  0.022679 -0.053629  0.013288 -0.007222
    42  0.620000  0.021584 -0.056169  0.013126 -0.009074
    43  0.640000  0.020436 -0.058469  0.012925 -0.011012
    44  0.660000  0.019240 -0.060787  0.012684 -0.013055
    45  0.680000  0.018001 -0.062712  0.012402 -0.015232
    46  0.700000  0.016727 -0.064562  0.012074 -0.017579
    47  0.720000  0.015425 -0.065978  0.011697 -0.020150
    48  0.740000  0.014100 -0.066501  0.011266 -0.023027
    49  0.760000  0.012761 -0.066931  0.010773 -0.026356
    50  0.780000  0.011417 -0.067278  0.010207 -0.030451
    51  0.800000  0.010075 -0.067143  0.009543 -0.036825
    52  0.820000  0.008745 -0.066050  0.008735 -0.043010
    53  0.840000  0.007443 -0.064305  0.007837 -0.046536
    54  0.860000  0.006180 -0.061848  0.006881 -0.048906
    55  0.880000  0.004968 -0.059271  0.005887 -0.050411
    56  0.900000  0.003820 -0.055497  0.004870 -0.051165
    57  0.920000  0.002756 -0.050878  0.003845 -0.051198
    58  0.940000  0.001798 -0.044584  0.002827 -0.050479
    59  0.960000  0.000982 -0.036648  0.001831 -0.048898
    60  0.970000  0.000639 -0.031947  0.001348 -0.047707
    61  0.980000  0.000348 -0.026170  0.000878 -0.046162
    62  0.990000  0.000123 -0.018280  0.000427 -0.044103
    63  0.995000  0.000043 -0.013091  0.000209 -0.042749
    64  1.000000 -0.000000 -0.000818  0.000000  0.000000

COORDINATES OF NACA AIRFOILS           11:51 19Sep2025
 NACA 63-206                                                                     
 COMBINED THICKNESS AND CAMBER
         xupper    yupper    xlower    ylower
     1  0.000000  0.000000  0.000000  0.000000
     2  0.000042  0.001062  0.000358 -0.000994
     3  0.000276  0.001703  0.000724 -0.001548
     4  0.000712  0.002437  0.001288 -0.002151
     5  0.001168  0.003006  0.001832 -0.002598
     6  0.001634  0.003488  0.002366 -0.002964
     7  0.004513  0.005589  0.005487 -0.004441
     8  0.009412  0.007961  0.010588 -0.005911
     9  0.014353  0.009780  0.015647 -0.006921
    10  0.019312  0.011322  0.020688 -0.007716
    11  0.029256  0.013960  0.030744 -0.008988
    12  0.039217  0.016245  0.040783 -0.010030
    13  0.049190  0.018286  0.050810 -0.010922
    14  0.059172  0.020132  0.060828 -0.011695
    15  0.079155  0.023374  0.080845 -0.012973
    16  0.099154  0.026174  0.100846 -0.014004
    17  0.119164  0.028638  0.120836 -0.014859
    18  0.139182  0.030825  0.140818 -0.015575
    19  0.159207  0.032775  0.160793 -0.016172
    20  0.179237  0.034515  0.180763 -0.016668
    21  0.199270  0.036058  0.200730 -0.017066
    22  0.219308  0.037421  0.220692 -0.017375
    23  0.239348  0.038615  0.240652 -0.017600
    24  0.259391  0.039651  0.260609 -0.017748
    25  0.279435  0.040540  0.280565 -0.017825
    26  0.299481  0.041280  0.300519 -0.017827
    27  0.319529  0.041871  0.320471 -0.017752
    28  0.339578  0.042316  0.340422 -0.017598
    29  0.359627  0.042611  0.360373 -0.017363
    30  0.379677  0.042762  0.380323 -0.017049
    31  0.399727  0.042768  0.400273 -0.016654
    32  0.419776  0.042634  0.420224 -0.016185
    33  0.439825  0.042365  0.440175 -0.015643
    34  0.459874  0.041964  0.460126 -0.015033
    35  0.479921  0.041440  0.480079 -0.014364
    36  0.499966  0.040797  0.500034 -0.013639
    37  0.520010  0.040039  0.519990 -0.012863
    38  0.540052  0.039171  0.539948 -0.012044
    39  0.560092  0.038202  0.559908 -0.011189
    40  0.580129  0.037132  0.579871 -0.010302
    41  0.600164  0.035967  0.599836 -0.009390
    42  0.620196  0.034709  0.619804 -0.008458
    43  0.640225  0.033360  0.639775 -0.007510
    44  0.660251  0.031923  0.659749 -0.006554
    45  0.680274  0.030401  0.679726 -0.005597
    46  0.700294  0.028799  0.699706 -0.004651
    47  0.720311  0.027119  0.719689 -0.003724
    48  0.740325  0.025363  0.739675 -0.002831
    49  0.760336  0.023530  0.759664 -0.001984
    50  0.780347  0.021618  0.779653 -0.001205
    51  0.800371  0.019611  0.799629 -0.000526
    52  0.820376  0.017472  0.819624 -0.000002
    53  0.840346  0.015273  0.839654  0.000402
    54  0.860302  0.013054  0.859698  0.000709
    55  0.880250  0.010848  0.879750  0.000925
    56  0.900195  0.008685  0.899805  0.001055
    57  0.920141  0.006597  0.919859  0.001093
    58  0.940091  0.004623  0.939909  0.001031
    59  0.960048  0.002812  0.959952  0.000851
    60  0.970030  0.001986  0.969970  0.000710
    61  0.980016  0.001226  0.979984  0.000531
    62  0.990005  0.000549  0.989995  0.000304
    63  0.995002  0.000253  0.994998  0.000166
    64  1.000000 -0.000000  1.000000  0.000000

COORDINATES OF NACA AIRFOILS           11:51 19Sep2025
 NACA 63-206                                                                     
 INTERPOLATED COORDINATES
            x      yupper   ylower
     1  0.000000  0.000000  0.000000
     2  0.000200  0.001535 -0.000669
     3  0.000500  0.002116 -0.001232
     4  0.001000  0.002811 -0.001868
     5  0.001500  0.003356 -0.002336
     6  0.002000  0.003824 -0.002719
     7  0.005000  0.005869 -0.004258
     8  0.010000  0.008198 -0.005772
     9  0.015000  0.009994 -0.006807
    10  0.020000  0.011521 -0.007616
    11  0.030000  0.014141 -0.008903
    12  0.040000  0.016413 -0.009955
    13  0.050000  0.018442 -0.010855
    14  0.060000  0.020277 -0.011635
    15  0.080000  0.023500 -0.012924
    16  0.100000  0.026285 -0.013964
    17  0.120000  0.028735 -0.014826
    18  0.140000  0.030909 -0.015548
    19  0.160000  0.032848 -0.016150
    20  0.180000  0.034577 -0.016651
    21  0.200000  0.036111 -0.017053
    22  0.220000  0.037465 -0.017366
    23  0.240000  0.038652 -0.017594
    24  0.260000  0.039680 -0.017744
    25  0.280000  0.040563 -0.017824
    26  0.300000  0.041297 -0.017828
    27  0.320000  0.041884 -0.017755
    28  0.340000  0.042323 -0.017602
    29  0.360000  0.042616 -0.017368
    30  0.380000  0.042763 -0.017055
    31  0.400000  0.042767 -0.016660
    32  0.420000  0.042632 -0.016190
    33  0.440000  0.042362 -0.015648
    34  0.460000  0.041961 -0.015037
    35  0.480000  0.041438 -0.014366
    36  0.500000  0.040796 -0.013640
    37  0.520000  0.040039 -0.012863
    38  0.540000  0.039173 -0.012041
    39  0.560000  0.038207 -0.011185
    40  0.580000  0.037139 -0.010296
    41  0.600000  0.035977 -0.009383
    42  0.620000  0.034722 -0.008449
    43  0.640000  0.033376 -0.007499
    44  0.660000  0.031942 -0.006542
    45  0.680000  0.030422 -0.005584
    46  0.700000  0.028823 -0.004637
    47  0.720000  0.027146 -0.003710
    48  0.740000  0.025392 -0.002816
    49  0.760000  0.023561 -0.001970
    50  0.780000  0.021652 -0.001192
    51  0.800000  0.019649 -0.000514
    52  0.820000  0.017513  0.000006
    53  0.840000  0.015311  0.000408
    54  0.860000  0.013087  0.000713
    55  0.880000  0.010875  0.000928
    56  0.900000  0.008705  0.001056
    57  0.920000  0.006612  0.001093
    58  0.940000  0.004632  0.001030
    59  0.960000  0.002816  0.000850
    60  0.970000  0.001989  0.000710
    61  0.980000  0.001227  0.000531
    62  0.990000  0.000549  0.000304
    63  0.995000  0.000253  0.000166
    64  1.000000 -0.000000  0.000000
 End of output for cambered airfoil
